2026-07-09 13:01:44,977 INFO Watching for file changes with StatReloader 681 
2026-07-09 13:04:15,868 INFO Watching for file changes with StatReloader 681 
2026-07-09 13:04:45,154 INFO C:\Users\Acer\OneDrive\Desktop\wms\Wedding-management-system\config\permission.py changed, reloading. 265 
2026-07-09 13:04:46,339 INFO Watching for file changes with StatReloader 681 
2026-07-09 13:05:30,010 INFO C:\Users\Acer\OneDrive\Desktop\wms\Wedding-management-system\config\permission.py changed, reloading. 265 
2026-07-09 13:05:31,005 INFO Watching for file changes with StatReloader 681 
2026-07-09 13:05:33,542 INFO C:\Users\Acer\OneDrive\Desktop\wms\Wedding-management-system\config\permission.py changed, reloading. 265 
2026-07-09 13:05:34,722 INFO Watching for file changes with StatReloader 681 
2026-07-09 13:06:04,096 INFO Watching for file changes with StatReloader 681 
2026-07-09 13:06:14,106 WARNING Forbidden: /register/ 249 
2026-07-09 13:06:14,107 WARNING "POST /register/ HTTP/1.1" 403 45 249 
2026-07-09 13:08:11,132 INFO C:\Users\Acer\OneDrive\Desktop\wms\Wedding-management-system\wedding\settings.py changed, reloading. 265 
2026-07-09 13:08:27,136 INFO Watching for file changes with StatReloader 681 
2026-07-09 13:08:30,556 WARNING Unauthorized: /register/ 249 
2026-07-09 13:08:30,557 WARNING "POST /register/ HTTP/1.1" 401 172 249 
2026-07-09 13:08:42,268 WARNING Bad Request: /register/ 249 
2026-07-09 13:08:42,268 WARNING "POST /register/ HTTP/1.1" 400 203 249 
2026-07-09 13:08:48,729 INFO C:\Users\Acer\OneDrive\Desktop\wms\Wedding-management-system\wedding\settings.py changed, reloading. 265 
2026-07-09 13:30:36,949 INFO Watching for file changes with StatReloader 681 
2026-07-09 13:32:31,120 INFO Watching for file changes with StatReloader 681 
2026-07-09 13:33:04,394 INFO Watching for file changes with StatReloader 681 
2026-07-09 13:34:01,547 WARNING Unauthorized: /contact/ 249 
2026-07-09 13:34:01,548 WARNING "GET /contact/ HTTP/1.1" 401 58 249 
2026-07-09 13:34:02,496 WARNING Unauthorized: /contact/ 249 
2026-07-09 13:34:02,497 WARNING "GET /contact/ HTTP/1.1" 401 58 249 
2026-07-09 13:34:03,280 WARNING Unauthorized: /contact/ 249 
2026-07-09 13:34:03,280 WARNING "GET /contact/ HTTP/1.1" 401 58 249 
2026-07-09 13:34:03,916 WARNING Unauthorized: /contact/ 249 
2026-07-09 13:34:03,916 WARNING "GET /contact/ HTTP/1.1" 401 58 249 
2026-07-09 13:34:05,014 WARNING Unauthorized: /contact/ 249 
2026-07-09 13:34:05,014 WARNING "GET /contact/ HTTP/1.1" 401 58 249 
2026-07-09 13:34:05,772 WARNING Unauthorized: /contact/ 249 
2026-07-09 13:34:05,773 WARNING "GET /contact/ HTTP/1.1" 401 58 249 
2026-07-09 13:34:06,813 WARNING Unauthorized: /contact/ 249 
2026-07-09 13:34:06,814 WARNING "GET /contact/ HTTP/1.1" 401 58 249 
2026-07-09 13:34:11,090 WARNING Bad Request: /contact/ 249 
2026-07-09 13:34:11,090 WARNING "POST /contact/ HTTP/1.1" 400 242 249 
2026-07-09 13:45:30,128 WARNING Unauthorized: /contact/ 249 
2026-07-09 13:45:30,129 WARNING "GET /contact/ HTTP/1.1" 401 58 249 
2026-07-09 13:46:05,923 ERROR validation_error_response() missing 1 required positional argument: 'errors' 99 
Traceback (most recent call last):
  File "/Users/suyogkhadka/banquet/app_accounts/views/user_login.py", line 96, in post
    return validation_error_response(message="Invalid request data")
TypeError: validation_error_response() missing 1 required positional argument: 'errors'
2026-07-09 13:46:05,925 ERROR Internal Server Error: /login/ 249 
2026-07-09 13:46:05,925 ERROR "POST /login/ HTTP/1.1" 500 104 249 
2026-07-09 13:46:07,741 ERROR validation_error_response() missing 1 required positional argument: 'errors' 99 
Traceback (most recent call last):
  File "/Users/suyogkhadka/banquet/app_accounts/views/user_login.py", line 96, in post
    return validation_error_response(message="Invalid request data")
TypeError: validation_error_response() missing 1 required positional argument: 'errors'
2026-07-09 13:46:07,742 ERROR Internal Server Error: /login/ 249 
2026-07-09 13:46:07,742 ERROR "POST /login/ HTTP/1.1" 500 104 249 
2026-07-09 13:46:28,990 WARNING Bad Request: /register/ 249 
2026-07-09 13:46:28,990 WARNING "POST /register/ HTTP/1.1" 400 203 249 
2026-07-09 13:47:27,712 WARNING Not Found: / 249 
2026-07-09 13:47:27,712 WARNING "GET / HTTP/1.1" 404 6234 249 
2026-07-09 13:47:27,793 WARNING Not Found: /favicon.ico 249 
2026-07-09 13:47:27,793 WARNING "GET /favicon.ico HTTP/1.1" 404 6285 249 
2026-07-09 13:47:47,433 INFO "GET /admin/ HTTP/1.1" 302 0 249 
2026-07-09 13:47:47,452 INFO "GET /admin/login/?next=/admin/ HTTP/1.1" 200 4084 249 
2026-07-09 13:50:15,747 INFO Watching for file changes with StatReloader 681 
2026-07-09 13:50:21,205 INFO "POST /admin/login/?next=/admin/ HTTP/1.1" 200 4252 249 
2026-07-09 13:50:25,689 INFO "POST /admin/login/?next=/admin/ HTTP/1.1" 200 4252 249 
2026-07-09 13:50:54,315 WARNING Bad Request: /verify-email/ 249 
2026-07-09 13:50:54,315 WARNING "POST /verify-email/ HTTP/1.1" 400 107 249 
2026-07-09 13:51:27,816 INFO Watching for file changes with StatReloader 681 
2026-07-09 14:12:50,915 INFO Watching for file changes with StatReloader 681 
2026-07-09 15:06:22,963 INFO Watching for file changes with StatReloader 681 
2026-07-09 15:06:38,146 INFO C:\Users\Acer\OneDrive\Desktop\wms\Wedding-management-system\app_accounts\serializers\user_register_serializer.py changed, reloading. 265 
2026-07-09 15:06:39,587 INFO Watching for file changes with StatReloader 681 
2026-07-09 15:06:42,590 INFO C:\Users\Acer\OneDrive\Desktop\wms\Wedding-management-system\app_accounts\serializers\user_register_serializer.py changed, reloading. 265 
2026-07-09 15:06:43,800 INFO Watching for file changes with StatReloader 681 
2026-07-09 15:06:56,125 INFO C:\Users\Acer\OneDrive\Desktop\wms\Wedding-management-system\app_accounts\serializers\user_register_serializer.py changed, reloading. 265 
2026-07-09 15:06:57,437 INFO Watching for file changes with StatReloader 681 
2026-07-09 15:10:21,693 INFO Watching for file changes with StatReloader 681 
2026-07-09 15:10:28,151 WARNING Bad Request: /register/staff/ 249 
2026-07-09 15:10:28,152 WARNING "POST /register/staff/ HTTP/1.1" 400 203 249 
2026-07-09 15:10:36,798 ERROR 'UserManager' object has no attribute 'create_staff' 58 
Traceback (most recent call last):
  File "C:\Users\Acer\OneDrive\Desktop\wms\wedding-management-system\app_accounts\views\user_register.py", line 34, in post
    user = User.objects.create_staff(creator=request.user, **serializer.validated_data)
           ^^^^^^^^^^^^^^^^^^^^^^^^^
AttributeError: 'UserManager' object has no attribute 'create_staff'
2026-07-09 15:10:36,800 ERROR Internal Server Error: /register/staff/ 249 
2026-07-09 15:10:36,800 ERROR "POST /register/staff/ HTTP/1.1" 500 104 249 
2026-07-09 15:15:23,195 ERROR 'UserManager' object has no attribute 'create_staff' 58 
Traceback (most recent call last):
  File "C:\Users\Acer\OneDrive\Desktop\wms\wedding-management-system\app_accounts\views\user_register.py", line 34, in post
    user = User.objects.create_staff(creator=request.user, **serializer.validated_data)
           ^^^^^^^^^^^^^^^^^^^^^^^^^
AttributeError: 'UserManager' object has no attribute 'create_staff'
2026-07-09 15:15:23,196 ERROR Internal Server Error: /register/staff/ 249 
2026-07-09 15:15:23,196 ERROR "POST /register/staff/ HTTP/1.1" 500 104 249 
2026-07-09 15:16:15,865 ERROR 'UserManager' object has no attribute 'create_staff' 58 
Traceback (most recent call last):
  File "C:\Users\Acer\OneDrive\Desktop\wms\wedding-management-system\app_accounts\views\user_register.py", line 34, in post
    user = User.objects.create_staff(creator=request.user, **serializer.validated_data)
           ^^^^^^^^^^^^^^^^^^^^^^^^^
AttributeError: 'UserManager' object has no attribute 'create_staff'
2026-07-09 15:16:15,866 ERROR Internal Server Error: /register/staff/ 249 
2026-07-09 15:16:15,866 ERROR "POST /register/staff/ HTTP/1.1" 500 104 249 
2026-07-09 15:16:34,205 ERROR 'UserManager' object has no attribute 'create_staff' 58 
Traceback (most recent call last):
  File "C:\Users\Acer\OneDrive\Desktop\wms\wedding-management-system\app_accounts\views\user_register.py", line 34, in post
    user = User.objects.create_staff(creator=request.user, **serializer.validated_data)
           ^^^^^^^^^^^^^^^^^^^^^^^^^
AttributeError: 'UserManager' object has no attribute 'create_staff'
2026-07-09 15:16:34,206 ERROR Internal Server Error: /register/staff/ 249 
2026-07-09 15:16:34,207 ERROR "POST /register/staff/ HTTP/1.1" 500 104 249 
2026-07-09 15:26:10,633 INFO C:\Users\Acer\OneDrive\Desktop\wms\Wedding-management-system\app_accounts\serializers\user_register_serializer.py changed, reloading. 265 
2026-07-09 15:26:11,932 INFO Watching for file changes with StatReloader 681 
2026-07-09 15:26:13,588 INFO C:\Users\Acer\OneDrive\Desktop\wms\Wedding-management-system\app_accounts\serializers\user_register_serializer.py changed, reloading. 265 
2026-07-09 15:26:15,052 INFO Watching for file changes with StatReloader 681 
2026-07-09 15:26:17,937 INFO C:\Users\Acer\OneDrive\Desktop\wms\Wedding-management-system\app_accounts\serializers\user_register_serializer.py changed, reloading. 265 
2026-07-09 15:26:19,715 INFO Watching for file changes with StatReloader 681 
2026-07-09 15:26:22,613 INFO C:\Users\Acer\OneDrive\Desktop\wms\Wedding-management-system\app_accounts\serializers\user_register_serializer.py changed, reloading. 265 
2026-07-09 15:26:24,009 INFO Watching for file changes with StatReloader 681 
2026-07-09 15:26:31,074 INFO C:\Users\Acer\OneDrive\Desktop\wms\Wedding-management-system\app_accounts\serializers\user_register_serializer.py changed, reloading. 265 
2026-07-09 15:26:32,484 INFO Watching for file changes with StatReloader 681 
2026-07-09 15:26:36,293 INFO C:\Users\Acer\OneDrive\Desktop\wms\Wedding-management-system\app_accounts\serializers\user_register_serializer.py changed, reloading. 265 
2026-07-09 15:26:37,521 INFO Watching for file changes with StatReloader 681 
2026-07-09 15:26:59,784 ERROR 'UserManager' object has no attribute 'create_staff' 58 
Traceback (most recent call last):
  File "C:\Users\Acer\OneDrive\Desktop\wms\wedding-management-system\app_accounts\views\user_register.py", line 34, in post
    user = User.objects.create_staff(creator=request.user, **serializer.validated_data)
           ^^^^^^^^^^^^^^^^^^^^^^^^^
AttributeError: 'UserManager' object has no attribute 'create_staff'
2026-07-09 15:26:59,787 ERROR Internal Server Error: /register/staff/ 249 
2026-07-09 15:26:59,788 ERROR "POST /register/staff/ HTTP/1.1" 500 104 249 
2026-07-09 15:29:07,714 INFO C:\Users\Acer\OneDrive\Desktop\wms\Wedding-management-system\app_accounts\views\user_register.py changed, reloading. 265 
2026-07-09 15:29:09,156 INFO Watching for file changes with StatReloader 681 
2026-07-09 15:29:17,489 INFO C:\Users\Acer\OneDrive\Desktop\wms\Wedding-management-system\app_accounts\views\user_register.py changed, reloading. 265 
2026-07-09 15:29:18,900 INFO Watching for file changes with StatReloader 681 
2026-07-09 15:29:23,139 INFO C:\Users\Acer\OneDrive\Desktop\wms\Wedding-management-system\app_accounts\views\user_register.py changed, reloading. 265 
2026-07-09 15:29:24,863 INFO Watching for file changes with StatReloader 681 
2026-07-09 15:29:26,774 INFO C:\Users\Acer\OneDrive\Desktop\wms\Wedding-management-system\app_accounts\views\user_register.py changed, reloading. 265 
2026-07-09 15:29:28,142 INFO Watching for file changes with StatReloader 681 
2026-07-09 15:29:33,942 ERROR 'UserManager' object has no attribute 'create_' 58 
Traceback (most recent call last):
  File "C:\Users\Acer\OneDrive\Desktop\wms\wedding-management-system\app_accounts\views\user_register.py", line 34, in post
    user = User.objects.create_user(creator=request.user, **serializer.validated_data)
           ^^^^^^^^^^^^^^^^^^^^
AttributeError: 'UserManager' object has no attribute 'create_'. Did you mean: 'create'?
2026-07-09 15:29:33,946 ERROR Internal Server Error: /register/staff/ 249 
2026-07-09 15:29:33,947 ERROR "POST /register/staff/ HTTP/1.1" 500 104 249 
2026-07-09 15:29:36,857 ERROR 'UserManager' object has no attribute 'create_' 58 
Traceback (most recent call last):
  File "C:\Users\Acer\OneDrive\Desktop\wms\wedding-management-system\app_accounts\views\user_register.py", line 34, in post
    user = User.objects.create_user(creator=request.user, **serializer.validated_data)
           ^^^^^^^^^^^^^^^^^^^^
AttributeError: 'UserManager' object has no attribute 'create_'. Did you mean: 'create'?
2026-07-09 15:29:36,859 ERROR Internal Server Error: /register/staff/ 249 
2026-07-09 15:29:36,859 ERROR "POST /register/staff/ HTTP/1.1" 500 104 249 
2026-07-09 15:31:21,989 INFO C:\Users\Acer\OneDrive\Desktop\wms\Wedding-management-system\app_accounts\views\user_register.py changed, reloading. 265 
2026-07-09 15:31:23,425 INFO Watching for file changes with StatReloader 681 
2026-07-09 15:31:28,506 INFO C:\Users\Acer\OneDrive\Desktop\wms\Wedding-management-system\app_accounts\views\user_register.py changed, reloading. 265 
2026-07-09 15:31:30,090 INFO Watching for file changes with StatReloader 681 
2026-07-09 15:31:33,619 INFO C:\Users\Acer\OneDrive\Desktop\wms\Wedding-management-system\app_accounts\views\user_register.py changed, reloading. 265 
2026-07-09 15:31:35,388 INFO Watching for file changes with StatReloader 681 
2026-07-09 15:31:39,512 INFO C:\Users\Acer\OneDrive\Desktop\wms\Wedding-management-system\app_accounts\views\user_register.py changed, reloading. 265 
2026-07-09 15:31:40,949 INFO Watching for file changes with StatReloader 681 
2026-07-09 15:31:46,922 INFO C:\Users\Acer\OneDrive\Desktop\wms\Wedding-management-system\app_accounts\views\user_register.py changed, reloading. 265 
2026-07-09 15:31:48,350 INFO Watching for file changes with StatReloader 681 
2026-07-09 15:31:50,201 INFO C:\Users\Acer\OneDrive\Desktop\wms\Wedding-management-system\app_accounts\views\user_register.py changed, reloading. 265 
2026-07-09 15:31:51,747 INFO Watching for file changes with StatReloader 681 
2026-07-09 15:31:55,772 INFO C:\Users\Acer\OneDrive\Desktop\wms\Wedding-management-system\app_accounts\views\user_register.py changed, reloading. 265 
2026-07-09 15:31:57,229 INFO Watching for file changes with StatReloader 681 
2026-07-09 15:32:01,598 INFO "POST /register/staff/ HTTP/1.1" 201 251 249 
2026-07-09 15:32:39,129 INFO "POST /register/staff/ HTTP/1.1" 201 254 249 
2026-07-09 15:33:48,766 INFO C:\Users\Acer\OneDrive\Desktop\wms\Wedding-management-system\app_accounts\views\user_register.py changed, reloading. 265 
2026-07-09 15:33:50,640 INFO Watching for file changes with StatReloader 681 
2026-07-09 15:33:53,427 WARNING Bad Request: /register/staff/ 249 
2026-07-09 15:33:53,428 WARNING "POST /register/staff/ HTTP/1.1" 400 203 249 
2026-07-09 15:33:59,717 WARNING Bad Request: /register/staff/ 249 
2026-07-09 15:33:59,717 WARNING "POST /register/staff/ HTTP/1.1" 400 154 249 
2026-07-09 15:34:05,849 INFO "POST /register/staff/ HTTP/1.1" 201 254 249 
2026-07-09 15:34:17,550 INFO C:\Users\Acer\OneDrive\Desktop\wms\Wedding-management-system\app_accounts\views\user_register.py changed, reloading. 265 
2026-07-09 15:34:19,176 INFO Watching for file changes with StatReloader 681 
2026-07-09 15:34:41,279 INFO "POST /register/staff/ HTTP/1.1" 201 260 249 
